2023-07-29 17:16:19,411 INFO o.a.j.u.JMeterUtils: Setting Locale to en_EN
2023-07-29 17:16:19,584 INFO o.a.j.JMeter: Loading user properties from: user.properties
2023-07-29 17:16:19,601 INFO o.a.j.JMeter: Loading system properties from: system.properties
2023-07-29 17:16:19,646 INFO o.a.j.JMeter: Copyright (c) 1998-2021 The Apache Software Foundation
2023-07-29 17:16:19,646 INFO o.a.j.JMeter: Version 5.4.3
2023-07-29 17:16:19,647 INFO o.a.j.JMeter: java.version=1.8.0_211
2023-07-29 17:16:19,647 INFO o.a.j.JMeter: java.vm.name=Java HotSpot(TM) 64-Bit Server VM
2023-07-29 17:16:19,647 INFO o.a.j.JMeter: os.name=Linux
2023-07-29 17:16:19,647 INFO o.a.j.JMeter: os.arch=amd64
2023-07-29 17:16:19,647 INFO o.a.j.JMeter: os.version=5.4.0-74-generic
2023-07-29 17:16:19,648 INFO o.a.j.JMeter: file.encoding=UTF-8
2023-07-29 17:16:19,648 INFO o.a.j.JMeter: java.awt.headless=true
2023-07-29 17:16:19,648 INFO o.a.j.JMeter: Max memory     =1073741824
2023-07-29 17:16:19,648 INFO o.a.j.JMeter: Available Processors =4
2023-07-29 17:16:19,693 INFO o.a.j.JMeter: Default Locale=English (EN)
2023-07-29 17:16:19,694 INFO o.a.j.JMeter: JMeter  Locale=English (EN)
2023-07-29 17:16:19,694 INFO o.a.j.JMeter: JMeterHome=/home/shalini/Music/jmeter/apache-jmeter-5.4.3
2023-07-29 17:16:19,694 INFO o.a.j.JMeter: user.dir  =/home/shalini/Music/jmeter/apache-jmeter-5.4.3/bin
2023-07-29 17:16:19,694 INFO o.a.j.JMeter: PWD       =/home/shalini/Music/jmeter/apache-jmeter-5.4.3/bin
2023-07-29 17:16:19,708 INFO o.a.j.JMeter: IP: 192.168.1.7 Name: shalini FullName: shalini
2023-07-29 17:16:19,718 ERROR o.a.j.JMeter: An error occurred: 
org.apache.jmeter.report.config.ConfigurationException: The file /home/shalini/Music/jmeter/apache-jmeter-5.4.3/bin/Preprod2tatacliq.jmx doesn't exist or can't be opened
	at org.apache.jmeter.JMeter.runNonGui(JMeter.java:1017) ~[ApacheJMeter_core.jar:5.4.3]
	at org.apache.jmeter.JMeter.startNonGui(JMeter.java:1007) ~[ApacheJMeter_core.jar:5.4.3]
	at org.apache.jmeter.JMeter.start(JMeter.java:579) [ApacheJMeter_core.jar:5.4.3]
	at sun.reflect.NativeMethodAccessorImpl.invoke0(Native Method) ~[?:1.8.0_211]
	at sun.reflect.NativeMethodAccessorImpl.invoke(NativeMethodAccessorImpl.java:62) ~[?:1.8.0_211]
	at sun.reflect.DelegatingMethodAccessorImpl.invoke(DelegatingMethodAccessorImpl.java:43) ~[?:1.8.0_211]
	at java.lang.reflect.Method.invoke(Method.java:498) ~[?:1.8.0_211]
	at org.apache.jmeter.NewDriver.main(NewDriver.java:254) [ApacheJMeter.jar:5.4.3]
