2023-07-27 13:18:27,022 INFO o.a.j.u.JMeterUtils: Setting Locale to en_IN
2023-07-27 13:18:27,043 INFO o.a.j.JMeter: Loading user properties from: user.properties
2023-07-27 13:18:27,044 INFO o.a.j.JMeter: Loading system properties from: system.properties
2023-07-27 13:18:27,044 INFO o.a.j.JMeter: Loading additional properties from: /home/shalini/Music/jmeter/apache-jmeter-5.4.3/bin/user.properties
2023-07-27 13:18:27,059 INFO o.a.j.JMeter: Copyright (c) 1998-2021 The Apache Software Foundation
2023-07-27 13:18:27,059 INFO o.a.j.JMeter: Version 5.4.3
2023-07-27 13:18:27,059 INFO o.a.j.JMeter: java.version=1.8.0_211
2023-07-27 13:18:27,059 INFO o.a.j.JMeter: java.vm.name=Java HotSpot(TM) 64-Bit Server VM
2023-07-27 13:18:27,059 INFO o.a.j.JMeter: os.name=Linux
2023-07-27 13:18:27,059 INFO o.a.j.JMeter: os.arch=amd64
2023-07-27 13:18:27,059 INFO o.a.j.JMeter: os.version=5.4.0-74-generic
2023-07-27 13:18:27,060 INFO o.a.j.JMeter: file.encoding=UTF-8
2023-07-27 13:18:27,060 INFO o.a.j.JMeter: java.awt.headless=true
2023-07-27 13:18:27,060 INFO o.a.j.JMeter: Max memory     =2770337792
2023-07-27 13:18:27,060 INFO o.a.j.JMeter: Available Processors =4
2023-07-27 13:18:27,066 INFO o.a.j.JMeter: Default Locale=English (India)
2023-07-27 13:18:27,067 INFO o.a.j.JMeter: JMeter  Locale=English (India)
2023-07-27 13:18:27,067 INFO o.a.j.JMeter: JMeterHome=/home/shalini/Music/jmeter/apache-jmeter-5.4.3
2023-07-27 13:18:27,067 INFO o.a.j.JMeter: user.dir  =/home/shalini/Music/jmeter/apache-jmeter-5.4.3/bin
2023-07-27 13:18:27,067 INFO o.a.j.JMeter: PWD       =/home/shalini/Music/jmeter/apache-jmeter-5.4.3/bin
2023-07-27 13:18:27,094 INFO o.a.j.JMeter: IP: 192.168.1.7 Name: shalini FullName: shalini
2023-07-27 13:18:27,099 INFO o.a.j.JMeter: Setting property 'jmeter.reportgenerator.outputdir' to:'/home/shalini/Desktop/Project-Performance Testing/HTMLReport'
2023-07-27 13:18:27,106 INFO o.a.j.r.d.ReportGenerator: ReportGenerator will use for Parsing the separator: ','
2023-07-27 13:18:27,106 INFO o.a.j.r.d.ReportGenerator: Will only generate report from results file: /home/shalini/Desktop/Project-Performance Testing/result_07-27-2023-13-16-37.csv
2023-07-27 13:18:27,106 INFO o.a.j.r.d.ReportGenerator: Reading report generator properties from: /home/shalini/Music/jmeter/apache-jmeter-5.4.3/bin/reportgenerator.properties
2023-07-27 13:18:27,107 INFO o.a.j.r.d.ReportGenerator: Merging with JMeter properties
2023-07-27 13:18:27,113 INFO o.a.j.r.c.ReportGeneratorConfiguration: Property 'jmeter.reportgenerator.temp_dir' not found, using default value 'temp' instead.
2023-07-27 13:18:27,117 INFO o.a.j.r.c.ReportGeneratorConfiguration: Property 'jmeter.reportgenerator.apdex_per_transaction' not found, using default value 'null' instead.
2023-07-27 13:18:27,125 INFO o.a.j.r.c.ReportGeneratorConfiguration: apdex_per_transaction is empty, not APDEX per transaction customization
2023-07-27 13:18:27,125 INFO o.a.j.r.c.ReportGeneratorConfiguration: Property 'jmeter.reportgenerator.sample_filter' not found, using default value 'null' instead.
2023-07-27 13:18:27,125 INFO o.a.j.r.c.ReportGeneratorConfiguration: Property 'jmeter.reportgenerator.report_title' not found, using default value 'null' instead.
2023-07-27 13:18:27,126 INFO o.a.j.r.c.ReportGeneratorConfiguration: Property 'jmeter.reportgenerator.start_date' not found, using default value 'null' instead.
2023-07-27 13:18:27,126 INFO o.a.j.r.c.ReportGeneratorConfiguration: Property 'jmeter.reportgenerator.end_date' not found, using default value 'null' instead.
2023-07-27 13:18:27,126 INFO o.a.j.r.c.ReportGeneratorConfiguration: Property 'jmeter.reportgenerator.date_format' not found, using default value 'null' instead.
2023-07-27 13:18:27,126 INFO o.a.j.r.c.ReportGeneratorConfiguration: Will use date range start date: null, end date: null
2023-07-27 13:18:27,131 INFO o.a.j.r.c.ReportGeneratorConfiguration: Property 'jmeter.reportgenerator.graph.totalTPS.exclude_controllers' not found, using default value 'false' instead.
2023-07-27 13:18:27,132 INFO o.a.j.r.c.ReportGeneratorConfiguration: Property 'jmeter.reportgenerator.graph.activeThreadsOverTime.exclude_controllers' not found, using default value 'false' instead.
2023-07-27 13:18:27,132 INFO o.a.j.r.c.ReportGeneratorConfiguration: Property 'jmeter.reportgenerator.graph.timeVsThreads.exclude_controllers' not found, using default value 'false' instead.
2023-07-27 13:18:27,132 INFO o.a.j.r.c.ReportGeneratorConfiguration: Property 'jmeter.reportgenerator.graph.responseTimeDistribution.exclude_controllers' not found, using default value 'false' instead.
2023-07-27 13:18:27,133 INFO o.a.j.r.c.ReportGeneratorConfiguration: Property 'jmeter.reportgenerator.graph.transactionsPerSecond.exclude_controllers' not found, using default value 'false' instead.
2023-07-27 13:18:27,133 INFO o.a.j.r.c.ReportGeneratorConfiguration: Property 'jmeter.reportgenerator.graph.responseTimePercentiles.exclude_controllers' not found, using default value 'false' instead.
2023-07-27 13:18:27,133 INFO o.a.j.r.c.ReportGeneratorConfiguration: Property 'jmeter.reportgenerator.graph.responseTimePercentilesOverTime.exclude_controllers' not found, using default value 'false' instead.
2023-07-27 13:18:27,133 INFO o.a.j.r.c.ReportGeneratorConfiguration: Property 'jmeter.reportgenerator.graph.responseTimesOverTime.exclude_controllers' not found, using default value 'false' instead.
2023-07-27 13:18:27,133 INFO o.a.j.r.c.ReportGeneratorConfiguration: Property 'jmeter.reportgenerator.graph.connectTimeOverTime.exclude_controllers' not found, using default value 'false' instead.
2023-07-27 13:18:27,134 INFO o.a.j.r.c.ReportGeneratorConfiguration: Property 'jmeter.reportgenerator.graph.latenciesOverTime.exclude_controllers' not found, using default value 'false' instead.
2023-07-27 13:18:27,135 INFO o.a.j.r.c.ReportGeneratorConfiguration: Property 'jmeter.reportgenerator.exporter.json.filters_only_sample_series' not found, using default value 'true' instead.
2023-07-27 13:18:27,135 INFO o.a.j.r.c.ReportGeneratorConfiguration: Property 'jmeter.reportgenerator.exporter.json.series_filter' not found, using default value '' instead.
2023-07-27 13:18:27,135 INFO o.a.j.r.c.ReportGeneratorConfiguration: Property 'jmeter.reportgenerator.exporter.json.show_controllers_only' not found, using default value 'false' instead.
2023-07-27 13:18:27,135 INFO o.a.j.r.c.ReportGeneratorConfiguration: Property 'jmeter.reportgenerator.exporter.html.filters_only_sample_series' not found, using default value 'true' instead.
2023-07-27 13:18:27,136 INFO o.a.j.r.c.ReportGeneratorConfiguration: Property 'jmeter.reportgenerator.exporter.html.series_filter' not found, using default value '' instead.
2023-07-27 13:18:27,136 INFO o.a.j.r.c.ReportGeneratorConfiguration: Property 'jmeter.reportgenerator.exporter.html.show_controllers_only' not found, using default value 'false' instead.
2023-07-27 13:18:27,346 INFO o.a.j.s.SaveService: Testplan (JMX) version: 2.2. Testlog (JTL) version: 2.2
2023-07-27 13:18:27,375 INFO o.a.j.s.SaveService: Using SaveService properties file encoding UTF-8
2023-07-27 13:18:27,383 INFO o.a.j.s.SaveService: Using SaveService properties version 5.0
2023-07-27 13:18:27,424 INFO o.a.j.r.p.NormalizerSampleConsumer: Using format, 'ms', to parse timeStamp field
2023-07-27 13:18:27,566 INFO o.a.j.r.p.AbstractSampleConsumer: class org.apache.jmeter.report.processor.AggregateConsumer#stopProducing(): beginDate produced 0 samples
2023-07-27 13:18:27,566 INFO o.a.j.r.p.AbstractSampleConsumer: class org.apache.jmeter.report.processor.AggregateConsumer#stopProducing(): endDate produced 0 samples
2023-07-27 13:18:27,569 INFO o.a.j.r.p.AbstractSampleConsumer: class org.apache.jmeter.report.processor.ApdexSummaryConsumer#stopProducing(): apdexSummary produced 0 samples
2023-07-27 13:18:27,569 INFO o.a.j.r.p.AbstractSampleConsumer: class org.apache.jmeter.report.processor.RequestsSummaryConsumer#stopProducing(): requestsSummary produced 0 samples
2023-07-27 13:18:27,579 INFO o.a.j.r.p.AbstractSampleConsumer: class org.apache.jmeter.report.processor.StatisticsSummaryConsumer#stopProducing(): statisticsSummary produced 0 samples
2023-07-27 13:18:27,586 INFO o.a.j.r.p.AbstractSampleConsumer: class org.apache.jmeter.report.processor.Top5ErrorsBySamplerConsumer#stopProducing(): top5ErrorsBySampler produced 0 samples
2023-07-27 13:18:27,586 INFO o.a.j.r.p.AbstractSampleConsumer: class org.apache.jmeter.report.processor.ErrorsSummaryConsumer#stopProducing(): errorsSummary produced 0 samples
2023-07-27 13:18:27,586 INFO o.a.j.r.p.AbstractSampleConsumer: class org.apache.jmeter.report.processor.graph.impl.HitsPerSecondGraphConsumer#stopProducing(): hitsPerSecond produced 0 samples
2023-07-27 13:18:27,604 INFO o.a.j.r.p.AbstractSampleConsumer: class org.apache.jmeter.report.processor.graph.impl.LatencyVSRequestGraphConsumer#stopProducing(): latencyVsRequest produced 0 samples
2023-07-27 13:18:27,604 INFO o.a.j.r.p.AbstractSampleConsumer: class org.apache.jmeter.report.processor.graph.impl.SyntheticResponseTimeDistributionGraphConsumer#stopProducing(): syntheticResponseTimeDistribution produced 0 samples
2023-07-27 13:18:27,605 INFO o.a.j.r.p.AbstractSampleConsumer: class org.apache.jmeter.report.processor.graph.impl.BytesThroughputGraphConsumer#stopProducing(): bytesThroughputOverTime produced 0 samples
2023-07-27 13:18:27,605 INFO o.a.j.r.p.AbstractSampleConsumer: class org.apache.jmeter.report.processor.graph.impl.CodesPerSecondGraphConsumer#stopProducing(): codesPerSecond produced 0 samples
2023-07-27 13:18:27,612 INFO o.a.j.r.p.AbstractSampleConsumer: class org.apache.jmeter.report.processor.graph.impl.ResponseTimeVSRequestGraphConsumer#stopProducing(): responseTimeVsRequest produced 0 samples
2023-07-27 13:18:27,612 INFO o.a.j.r.p.AbstractSampleConsumer: class org.apache.jmeter.report.processor.FilterConsumer#stopProducing(): startIntervalControlerFilter produced 490 samples
2023-07-27 13:18:27,612 INFO o.a.j.r.p.AbstractSampleConsumer: class org.apache.jmeter.report.processor.graph.impl.TotalTPSGraphConsumer#stopProducing(): totalTPS produced 0 samples
2023-07-27 13:18:27,612 INFO o.a.j.r.p.AbstractSampleConsumer: class org.apache.jmeter.report.processor.graph.impl.ActiveThreadsGraphConsumer#stopProducing(): activeThreadsOverTime produced 0 samples
2023-07-27 13:18:27,613 INFO o.a.j.r.p.AbstractSampleConsumer: class org.apache.jmeter.report.processor.graph.impl.TimeVSThreadGraphConsumer#stopProducing(): timeVsThreads produced 0 samples
2023-07-27 13:18:27,616 INFO o.a.j.r.p.AbstractSampleConsumer: class org.apache.jmeter.report.processor.graph.impl.ResponseTimeDistributionGraphConsumer#stopProducing(): responseTimeDistribution produced 0 samples
2023-07-27 13:18:27,617 INFO o.a.j.r.p.AbstractSampleConsumer: class org.apache.jmeter.report.processor.graph.impl.TransactionsPerSecondGraphConsumer#stopProducing(): transactionsPerSecond produced 0 samples
2023-07-27 13:18:27,618 INFO o.a.j.r.p.AbstractSampleConsumer: class org.apache.jmeter.report.processor.graph.impl.ResponseTimePercentilesGraphConsumer#stopProducing(): responseTimePercentiles produced 0 samples
2023-07-27 13:18:27,634 INFO o.a.j.r.p.AbstractSampleConsumer: class org.apache.jmeter.report.processor.graph.impl.ResponseTimePercentilesOverTimeGraphConsumer#stopProducing(): responseTimePercentilesOverTime produced 0 samples
2023-07-27 13:18:27,635 INFO o.a.j.r.p.AbstractSampleConsumer: class org.apache.jmeter.report.processor.graph.impl.ResponseTimeOverTimeGraphConsumer#stopProducing(): responseTimesOverTime produced 0 samples
2023-07-27 13:18:27,635 INFO o.a.j.r.p.AbstractSampleConsumer: class org.apache.jmeter.report.processor.graph.impl.ConnectTimeOverTimeGraphConsumer#stopProducing(): connectTimeOverTime produced 0 samples
2023-07-27 13:18:27,636 INFO o.a.j.r.p.AbstractSampleConsumer: class org.apache.jmeter.report.processor.graph.impl.LatencyOverTimeGraphConsumer#stopProducing(): latenciesOverTime produced 0 samples
2023-07-27 13:18:27,636 INFO o.a.j.r.p.AbstractSampleConsumer: class org.apache.jmeter.report.processor.FilterConsumer#stopProducing(): nameFilter produced 1080 samples
2023-07-27 13:18:27,637 INFO o.a.j.r.p.AbstractSampleConsumer: class org.apache.jmeter.report.processor.FilterConsumer#stopProducing(): dateRangeFilter produced 216 samples
2023-07-27 13:18:27,637 INFO o.a.j.r.p.AbstractSampleConsumer: class org.apache.jmeter.report.processor.NormalizerSampleConsumer#stopProducing(): normalizer produced 72 samples
2023-07-27 13:18:27,641 INFO o.a.j.r.p.CsvFileSampleSource: produce(): 72 samples produced in 168ms on channel 0
2023-07-27 13:18:27,641 INFO o.a.j.r.d.ReportGenerator: Exporting data using exporter:'json' of className:'org.apache.jmeter.report.dashboard.JsonExporter'
2023-07-27 13:18:27,898 INFO o.a.j.r.d.JsonExporter: Found data for consumer statisticsSummary in context
2023-07-27 13:18:27,898 INFO o.a.j.r.d.JsonExporter: Creating statistics for overall
2023-07-27 13:18:27,899 INFO o.a.j.r.d.JsonExporter: Creating statistics for other transactions
2023-07-27 13:18:27,901 INFO o.a.j.r.d.JsonExporter: Checking output folder
2023-07-27 13:18:27,901 INFO o.a.j.r.d.JsonExporter: Writing statistics JSON to /home/shalini/Desktop/Project-Performance Testing/HTMLReport/statistics.json
2023-07-27 13:18:27,976 INFO o.a.j.r.d.ReportGenerator: Exporting data using exporter:'html' of className:'org.apache.jmeter.report.dashboard.HtmlTemplateExporter'
2023-07-27 13:18:27,981 INFO o.a.j.r.d.HtmlTemplateExporter: Will generate dashboard in folder: /home/shalini/Desktop/Project-Performance Testing/HTMLReport
2023-07-27 13:18:28,215 INFO o.a.j.r.d.HtmlTemplateExporter: Report will be generated in: /home/shalini/Desktop/Project-Performance Testing/HTMLReport, creating folder structure
2023-07-27 13:18:28,221 INFO o.a.j.r.d.TemplateVisitor: Copying folder from '/home/shalini/Music/jmeter/apache-jmeter-5.4.3/bin/report-template' to '/home/shalini/Desktop/Project-Performance Testing/HTMLReport', got message: /home/shalini/Desktop/Project-Performance Testing/HTMLReport, found non empty folder with following content [/home/shalini/Desktop/Project-Performance Testing/HTMLReport/statistics.json], will be ignored
